<?xml version="1.0" encoding="UTF-8"?>
<?xml-stylesheet href="CoreNLP-to-HTML.xsl" type="text/xsl"?>
<root>
  <document>
    <sentences>
      <sentence id="1">
        <tokens>
          <token id="1">
            <word>this</word>
            <lemma>this</lemma>
            <CharacterOffsetBegin>0</CharacterOffsetBegin>
            <CharacterOffsetEnd>4</CharacterOffsetEnd>
            <POS>DT</POS>
            <NER>O</NER>
            <Speaker>PER0</Speaker>
          </token>
          <token id="2">
            <word>is</word>
            <lemma>be</lemma>
            <CharacterOffsetBegin>5</CharacterOffsetBegin>
            <CharacterOffsetEnd>7</CharacterOffsetEnd>
            <POS>VBZ</POS>
            <NER>O</NER>
            <Speaker>PER0</Speaker>
          </token>
          <token id="3">
            <word>just</word>
            <lemma>just</lemma>
            <CharacterOffsetBegin>8</CharacterOffsetBegin>
            <CharacterOffsetEnd>12</CharacterOffsetEnd>
            <POS>RB</POS>
            <NER>O</NER>
            <Speaker>PER0</Speaker>
          </token>
          <token id="4">
            <word>a</word>
            <lemma>a</lemma>
            <CharacterOffsetBegin>13</CharacterOffsetBegin>
            <CharacterOffsetEnd>14</CharacterOffsetEnd>
            <POS>DT</POS>
            <NER>O</NER>
            <Speaker>PER0</Speaker>
          </token>
          <token id="5">
            <word>test</word>
            <lemma>test</lemma>
            <CharacterOffsetBegin>15</CharacterOffsetBegin>
            <CharacterOffsetEnd>19</CharacterOffsetEnd>
            <POS>NN</POS>
            <NER>O</NER>
            <Speaker>PER0</Speaker>
          </token>
          <token id="6">
            <word>.</word>
            <lemma>.</lemma>
            <CharacterOffsetBegin>19</CharacterOffsetBegin>
            <CharacterOffsetEnd>20</CharacterOffsetEnd>
            <POS>.</POS>
            <NER>O</NER>
            <Speaker>PER0</Speaker>
          </token>
        </tokens>
        <parse>(ROOT
          (S
          (NP (DT this))
          (VP (VBZ is)
          (ADVP (RB just))
          (NP (DT a) (NN test)))
          (. .)))
          
          </parse>
        <dependencies type="basic-dependencies">
          <dep type="root">
            <governor idx="0">ROOT</governor>
            <dependent idx="5">test</dependent>
          </dep>
          <dep type="nsubj">
            <governor idx="5">test</governor>
            <dependent idx="1">this</dependent>
          </dep>
          <dep type="cop">
            <governor idx="5">test</governor>
            <dependent idx="2">is</dependent>
          </dep>
          <dep type="advmod">
            <governor idx="5">test</governor>
            <dependent idx="3">just</dependent>
          </dep>
          <dep type="det">
            <governor idx="5">test</governor>
            <dependent idx="4">a</dependent>
          </dep>
          <dep type="punct">
            <governor idx="5">test</governor>
            <dependent idx="6">.</dependent>
          </dep>
        </dependencies>
        <dependencies type="collapsed-dependencies">
          <dep type="root">
            <governor idx="0">ROOT</governor>
            <dependent idx="5">test</dependent>
          </dep>
          <dep type="nsubj">
            <governor idx="5">test</governor>
            <dependent idx="1">this</dependent>
          </dep>
          <dep type="cop">
            <governor idx="5">test</governor>
            <dependent idx="2">is</dependent>
          </dep>
          <dep type="advmod">
            <governor idx="5">test</governor>
            <dependent idx="3">just</dependent>
          </dep>
          <dep type="det">
            <governor idx="5">test</governor>
            <dependent idx="4">a</dependent>
          </dep>
          <dep type="punct">
            <governor idx="5">test</governor>
            <dependent idx="6">.</dependent>
          </dep>
        </dependencies>
        <dependencies type="collapsed-ccprocessed-dependencies">
          <dep type="root">
            <governor idx="0">ROOT</governor>
            <dependent idx="5">test</dependent>
          </dep>
          <dep type="nsubj">
            <governor idx="5">test</governor>
            <dependent idx="1">this</dependent>
          </dep>
          <dep type="cop">
            <governor idx="5">test</governor>
            <dependent idx="2">is</dependent>
          </dep>
          <dep type="advmod">
            <governor idx="5">test</governor>
            <dependent idx="3">just</dependent>
          </dep>
          <dep type="det">
            <governor idx="5">test</governor>
            <dependent idx="4">a</dependent>
          </dep>
          <dep type="punct">
            <governor idx="5">test</governor>
            <dependent idx="6">.</dependent>
          </dep>
        </dependencies>
      </sentence>
    </sentences>
    <coreference>
      <coreference>
        <mention representative="true">
          <sentence>1</sentence>
          <start>4</start>
          <end>6</end>
          <head>5</head>
          <text>a test</text>
        </mention>
        <mention>
          <sentence>1</sentence>
          <start>1</start>
          <end>2</end>
          <head>1</head>
          <text>this</text>
        </mention>
      </coreference>
    </coreference>
  </document>
</root>
